#
# There is insufficient memory for the Java Runtime Environment to continue.
# Native memory allocation (mmap) failed to map 67108864 bytes for G1 virtual space
# Possible reasons:
#   The system is out of physical RAM or swap space
#   The process is running with CompressedOops enabled, and the Java Heap may be blocking the growth of the native heap
# Possible solutions:
#   Reduce memory load on the system
#   Increase physical memory or swap space
#   Check if swap backing store is full
#   Decrease Java heap size (-Xmx/-Xms)
#   Decrease number of Java threads
#   Decrease Java thread stack sizes (-Xss)
#   Set larger code cache with -XX:ReservedCodeCacheSize=
#   JVM is running with Unscaled Compressed Oops mode in which the Java heap is
#     placed in the first 4GB address space. The Java Heap base address is the
#     maximum limit for the native heap growth. Please use -XX:HeapBaseMinAddress
#     to set the Java Heap base and to place the Java Heap above 4GB virtual address.
# This output file may be truncated or incomplete.
#
#  Out of Memory Error (os_windows.cpp:3530), pid=2620, tid=14640
#
# JRE version:  (18.0.2.1+1) (build )
# Java VM: OpenJDK 64-Bit Server VM (18.0.2.1+1, mixed mode, sharing, tiered, compressed oops, compressed class ptrs, g1 gc, windows-amd64)
# No core dump will be written. Minidumps are not enabled by default on client versions of Windows
#

---------------  S U M M A R Y ------------

Command Line: -Dfile.encoding=UTF-8 -Dstdout.encoding=UTF-8 -Dstderr.encoding=UTF-8 -XX:+ShowCodeDetailsInExceptionMessages lt.Homapage

Host: Intel(R) Core(TM) i3-6006U CPU @ 2.00GHz, 4 cores, 3G,  Windows 10 , 64 bit Build 19041 (10.0.19041.3636)
Time: Fri Feb  2 00:49:25 2024 India Standard Time elapsed time: 0.096017 seconds (0d 0h 0m 0s)

---------------  T H R E A D  ---------------

Current thread (0x00000245dd552b30):  JavaThread "Unknown thread" [_thread_in_vm, id=14640, stack(0x0000005513600000,0x0000005513700000)]

Stack: [0x0000005513600000,0x0000005513700000]
Native frames: (J=compiled Java code, j=interpreted, Vv=VM code, C=native code)
V  [jvm.dll+0x69d85a]
V  [jvm.dll+0x84c43d]
V  [jvm.dll+0x84dd4e]
V  [jvm.dll+0x84e403]
V  [jvm.dll+0x25f65f]
V  [jvm.dll+0x69a6c9]
V  [jvm.dll+0x68f1fa]
V  [jvm.dll+0x32546b]
V  [jvm.dll+0x32ce76]
V  [jvm.dll+0x3818ce]
V  [jvm.dll+0x381aff]
V  [jvm.dll+0x2fd10a]
V  [jvm.dll+0x2fe16d]
V  [jvm.dll+0x81b090]
V  [jvm.dll+0x38ec61]
V  [jvm.dll+0x7f9d63]
V  [jvm.dll+0x4109cf]
V  [jvm.dll+0x412481]
C  [jli.dll+0x5267]
C  [ucrtbase.dll+0x21bb2]
C  [KERNEL32.DLL+0x17344]
C  [ntdll.dll+0x526b1]


---------------  P R O C E S S  ---------------

Threads class SMR info:
_java_thread_list=0x00007ffe07c6ee10, length=0, elements={
}

Java Threads: ( => current thread )

Other Threads:
  0x00000245dd594590 WorkerThread "GC Thread#0" [stack: 0x0000005513700000,0x0000005513800000] [id=16208]
  0x00000245dd59d110 ConcurrentGCThread "G1 Main Marker" [stack: 0x0000005513800000,0x0000005513900000] [id=21124]
  0x00000245dd59da10 WorkerThread "G1 Conc#0" [stack: 0x0000005513900000,0x0000005513a00000] [id=2292]

[error occurred during error reporting (printing all threads), id 0xc0000005, EXCEPTION_ACCESS_VIOLATION (0xc0000005) at pc=0x00007ffe0742d737]

VM state: not at safepoint (not fully initialized)

VM Mutex/Monitor currently owned by a thread:  ([mutex/lock_event])
[0x00000245dd54e8a0] Heap_lock - owner thread: 0x00000245dd552b30

Heap address: 0x00000000c1600000, size: 1002 MB, Compressed Oops mode: 32-bit

CDS archive(s) mapped at: [0x0000000000000000-0x0000000000000000-0x0000000000000000), size 0, SharedBaseAddress: 0x0000000800000000, ArchiveRelocationMode: 0.
Narrow klass base: 0x0000000000000000, Narrow klass shift: 0, Narrow klass range: 0x0

GC Precious Log:
 CardTable entry size: 512
 Card Set container configuration: InlinePtr #cards 5 size 8 Array Of Cards #cards 12 size 40 Howl #buckets 4 coarsen threshold 1843 Howl Bitmap #cards 512 size 80 coarsen threshold 460 Card regions per heap region 1 cards per card region 2048

Heap:
 garbage-first heap   total 0K, used 0K [0x00000000c1600000, 0x0000000100000000)
  region size 1024K, 0 young (0K), 0 survivors (0K)

[error occurred during error reporting (printing heap information), id 0xc0000005, EXCEPTION_ACCESS_VIOLATION (0xc0000005) at pc=0x00007ffe07815c69]

GC Heap History (0 events):
No events

Deoptimization events (0 events):
No events

Classes loaded (0 events):
No events

Classes unloaded (0 events):
No events

Classes redefined (0 events):
No events

Internal exceptions (0 events):
No events

VM Operations (0 events):
No events

Events (1 events):
Event: 0.030 Loaded shared library C:\Users\Rishi\.p2\pool\plugins\org.eclipse.justj.openjdk.hotspot.jre.full.win32.x86_64_18.0.2.v20221005-1040\jre\bin\java.dll


Dynamic libraries:
0x00007ff7726c0000 - 0x00007ff7726ce000 	C:\Users\Rishi\.p2\pool\plugins\org.eclipse.justj.openjdk.hotspot.jre.full.win32.x86_64_18.0.2.v20221005-1040\jre\bin\javaw.exe
0x00007ffe61770000 - 0x00007ffe61968000 	C:\Windows\SYSTEM32\ntdll.dll
0x00007ffe608b0000 - 0x00007ffe6096d000 	C:\Windows\System32\KERNEL32.DLL
0x00007ffe5f050000 - 0x00007ffe5f346000 	C:\Windows\System32\KERNELBASE.dll
0x00007ffe5ef50000 - 0x00007ffe5f050000 	C:\Windows\System32\ucrtbase.dll
0x00007ffe58a30000 - 0x00007ffe58a49000 	C:\Users\Rishi\.p2\pool\plugins\org.eclipse.justj.openjdk.hotspot.jre.full.win32.x86_64_18.0.2.v20221005-1040\jre\bin\VCRUNTIME140.dll
0x00007ffe58a50000 - 0x00007ffe58a67000 	C:\Users\Rishi\.p2\pool\plugins\org.eclipse.justj.openjdk.hotspot.jre.full.win32.x86_64_18.0.2.v20221005-1040\jre\bin\jli.dll
0x00007ffe61590000 - 0x00007ffe6172e000 	C:\Windows\System32\USER32.dll
0x00007ffe5f350000 - 0x00007ffe5f372000 	C:\Windows\System32\win32u.dll
0x00007ffe5faf0000 - 0x00007ffe5fb1b000 	C:\Windows\System32\GDI32.dll
0x00007ffe5ee30000 - 0x00007ffe5ef47000 	C:\Windows\System32\gdi32full.dll
0x00007ffe46b70000 - 0x00007ffe46e0a000 	C:\Windows\WinSxS\amd64_microsoft.windows.common-controls_6595b64144ccf1df_6.0.19041.3636_none_60b6a03d71f818d5\COMCTL32.dll
0x00007ffe5f710000 - 0x00007ffe5f7ad000 	C:\Windows\System32\msvcp_win.dll
0x00007ffe5fc20000 - 0x00007ffe5fcbe000 	C:\Windows\System32\msvcrt.dll
0x00007ffe5fbe0000 - 0x00007ffe5fc12000 	C:\Windows\System32\IMM32.DLL
0x00007ffe5c670000 - 0x00007ffe5c67c000 	C:\Users\Rishi\.p2\pool\plugins\org.eclipse.justj.openjdk.hotspot.jre.full.win32.x86_64_18.0.2.v20221005-1040\jre\bin\vcruntime140_1.dll
0x00007ffe57e60000 - 0x00007ffe57ef1000 	C:\Users\Rishi\.p2\pool\plugins\org.eclipse.justj.openjdk.hotspot.jre.full.win32.x86_64_18.0.2.v20221005-1040\jre\bin\msvcp140.dll
0x00007ffe07120000 - 0x00007ffe07daa000 	C:\Users\Rishi\.p2\pool\plugins\org.eclipse.justj.openjdk.hotspot.jre.full.win32.x86_64_18.0.2.v20221005-1040\jre\bin\server\jvm.dll
0x00007ffe5fec0000 - 0x00007ffe5ff73000 	C:\Windows\System32\ADVAPI32.dll
0x00007ffe5fb20000 - 0x00007ffe5fbbf000 	C:\Windows\System32\sechost.dll
0x00007ffe60120000 - 0x00007ffe60246000 	C:\Windows\System32\RPCRT4.dll
0x00007ffe5f380000 - 0x00007ffe5f3a7000 	C:\Windows\System32\bcrypt.dll
0x00007ffe605c0000 - 0x00007ffe605c8000 	C:\Windows\System32\PSAPI.DLL
0x00007ffe587c0000 - 0x00007ffe587c9000 	C:\Windows\SYSTEM32\WSOCK32.dll
0x00007ffe60660000 - 0x00007ffe606cb000 	C:\Windows\System32\WS2_32.dll
0x00007ffe5c630000 - 0x00007ffe5c657000 	C:\Windows\SYSTEM32\WINMM.dll
0x00007ffe55290000 - 0x00007ffe5529a000 	C:\Windows\SYSTEM32\VERSION.dll
0x00007ffe5cce0000 - 0x00007ffe5ccf2000 	C:\Windows\SYSTEM32\kernel.appcore.dll
0x00007ffe581b0000 - 0x00007ffe581ba000 	C:\Users\Rishi\.p2\pool\plugins\org.eclipse.justj.openjdk.hotspot.jre.full.win32.x86_64_18.0.2.v20221005-1040\jre\bin\jimage.dll
0x00007ffe55ed0000 - 0x00007ffe560b4000 	C:\Windows\SYSTEM32\DBGHELP.DLL
0x00007ffe56280000 - 0x00007ffe562b4000 	C:\Windows\SYSTEM32\dbgcore.DLL
0x00007ffe5f4d0000 - 0x00007ffe5f552000 	C:\Windows\System32\bcryptPrimitives.dll
0x00007ffe41780000 - 0x00007ffe417a5000 	C:\Users\Rishi\.p2\pool\plugins\org.eclipse.justj.openjdk.hotspot.jre.full.win32.x86_64_18.0.2.v20221005-1040\jre\bin\java.dll

dbghelp: loaded successfully - version: 4.0.5 - missing functions: none
symbol engine: initialized successfully - sym options: 0x614 - pdb path: .;C:\Users\Rishi\.p2\pool\plugins\org.eclipse.justj.openjdk.hotspot.jre.full.win32.x86_64_18.0.2.v20221005-1040\jre\bin;C:\Windows\SYSTEM32;C:\Windows\WinSxS\amd64_microsoft.windows.common-controls_6595b64144ccf1df_6.0.19041.3636_none_60b6a03d71f818d5;C:\Users\Rishi\.p2\pool\plugins\org.eclipse.justj.openjdk.hotspot.jre.full.win32.x86_64_18.0.2.v20221005-1040\jre\bin\server

VM Arguments:
jvm_args: -Dfile.encoding=UTF-8 -Dstdout.encoding=UTF-8 -Dstderr.encoding=UTF-8 -XX:+ShowCodeDetailsInExceptionMessages 
java_command: lt.Homapage
java_class_path (initial): F:\javafile_october\com.lt\target\test-classes;F:\javafile_october\com.lt\target\classes;C:\Users\Rishi\.m2\repository\net\sourceforge\tess4j\tess4j\5.10.0\tess4j-5.10.0.jar;C:\Users\Rishi\.m2\repository\net\java\dev\jna\jna\5.14.0\jna-5.14.0.jar;C:\Users\Rishi\.m2\repository\com\github\jai-imageio\jai-imageio-core\1.4.0\jai-imageio-core-1.4.0.jar;C:\Users\Rishi\.m2\repository\org\apache\pdfbox\pdfbox\3.0.1\pdfbox-3.0.1.jar;C:\Users\Rishi\.m2\repository\org\apache\pdfbox\pdfbox-io\3.0.1\pdfbox-io-3.0.1.jar;C:\Users\Rishi\.m2\repository\org\apache\pdfbox\fontbox\3.0.1\fontbox-3.0.1.jar;C:\Users\Rishi\.m2\repository\commons-logging\commons-logging\1.2\commons-logging-1.2.jar;C:\Users\Rishi\.m2\repository\org\junit\jupiter\junit-jupiter\5.10.1\junit-jupiter-5.10.1.jar;C:\Users\Rishi\.m2\repository\org\junit\jupiter\junit-jupiter-api\5.10.1\junit-jupiter-api-5.10.1.jar;C:\Users\Rishi\.m2\repository\org\opentest4j\opentest4j\1.3.0\opentest4j-1.3.0.jar;C:\Users\Rishi\.m2\repository\org\junit\platform\junit-platform-commons\1.10.1\junit-platform-commons-1.10.1.jar;C:\Users\Rishi\.m2\repository\org\apiguardian\apiguardian-api\1.1.2\apiguardian-api-1.1.2.jar;C:\Users\Rishi\.m2\repository\org\junit\jupiter\junit-jupiter-params\5.10.1\junit-jupiter-params-5.10.1.jar;C:\Users\Rishi\.m2\repository\org\junit\jupiter\junit-jupiter-engine\5.10.1\junit-jupiter-engine-5.10.1.jar;C:\Users\Rishi\.m2\repository\org\junit\platform\junit-platform-engine\1.10.1\junit-platform-engine-1.10.1.jar;C:\Users\Rishi\.m2\repository\org\apache\pdfbox\pdfbox-tools\3.0.1\pdfbox-tools-3.0.1.jar;C:\Users\Rishi\.m2\repository\org\apache\pdfbox\pdfbox-debugger\3.0.1\pdfbox-debugger-3.0.1.jar;C:\Users\Rishi\.m2\repository\info\picocli\picocli\4.7.5\picocli-4.7.5.jar;C:\Users\Rishi\.m2\repository\org\apache\pdfbox\jbig2-imageio\3.0.4\jbig2-imageio-3.0.4.jar;C:\Users\Rishi\.m2\repository\commons-io\commons-io\2.15.1\commons-io-2.15.1.jar;C:\Users\Rishi\.m2\repository\net\sourceforge\lept4j\lept4j\1.19.0\lept4j-1.19.0.jar;C:\Users\Rishi\.m2\repository\org\jboss\jboss-vfs\3.2.17.Final\jboss-vfs-3.2.17.Final.jar;C:\Users\Rishi\.m2\repository\org\jboss\logging\jboss-logging\3.1.4.GA\jboss-logging-3.1.4.GA.jar;C:\Users\Rishi\.m2\repository\org\slf4j\slf4j-api\2.0.10\slf4j-api-2.0.10.jar;C:\Users\Rishi\.m2\repository\org\seleniumhq\selenium\selenium-java\4.16.1\selenium-java-4.16.1.jar;C:\Users\Rishi\.m2\repository\org\seleniumhq\selenium\selenium-api\4.16.1\selenium-api-4.16.1.jar;C:\Users\Rishi\.m2\repository\org\seleniumhq\selenium\selenium-chrome-driver\4.16.1\selenium-chrome-driver-4.16.1.jar;C:\Users\Rishi\.m2\repository\com\google\auto\service\auto-service-annotations\1.1.1\auto-service-annotations-1.1.1.jar;C:\Users\Rishi\.m2\repository\org\seleniumhq\selenium\selenium-chromium-driver\4.16.1\selenium-chromium-driver-4.16.1.jar;C:\Users\Rishi\.m2\repository\org\seleniumhq\selenium\selenium-json\4.16.1\selenium-json-4.16.1.jar;C:\Users\Rishi\.m2\repository\org\seleniumhq\selenium\selenium-manager\4.16.1\selenium-manager-4.16.1.jar;C:\Users\Rishi\.m2\repository\org\seleniumhq\selenium\selenium-devtools-v118\4.16.1\selenium-devtools-v118-4.16.1.jar;C:\Users\Rishi\.m2\repository\org\seleniumhq\selenium\selenium-devtools-v119\4.16.1\selenium-devtools-v119-4.16.1.jar;C:\Users\Rishi\.m2\repository\org\seleniumhq\selenium\selenium-devtools-v120\4.16.1\selenium-devtools-v120-4.16.1.jar;C:\Users\Rishi\.m2\repository\org\seleniumhq\selenium\selenium-devtools-v85\4.16.1\selenium-devtools-v85-4.16.1.jar;C:\Users\Rishi\.m2\repository\org\seleniumhq\selenium\selenium-edge-driver\4.16.1\selenium-edge-driver-4.16.1.jar;C:\Users\Rishi\.m2\repository\org\seleniumhq\selenium\selenium-firefox-driver\4.16.1\selenium-firefox-driver-4.16.1.jar;C:\Users\Rishi\.m2\repository\org\seleniumhq\selenium\selenium-http\4.16.1\selenium-http-4.16.1.jar;C:\Users\Rishi\.m2\repository\dev\failsafe\failsafe\3.3.2\failsafe-3.3.2.jar;C:\Users\Rishi\.m2\repository\org\seleniumhq\selenium\selenium-ie-driver\4.16.1\selenium-ie-driver-4.16.1.jar;C:\Users\Rishi\.m2\repository\org\seleniumhq\selenium\selenium-remote-driver\4.16.1\selenium-remote-driver-4.16.1.jar;C:\Users\Rishi\.m2\repository\com\google\guava\guava\32.1.2-jre\guava-32.1.2-jre.jar;C:\Users\Rishi\.m2\repository\com\google\guava\failureaccess\1.0.1\failureaccess-1.0.1.jar;C:\Users\Rishi\.m2\repository\com\google\guava\listenablefuture\9999.0-empty-to-avoid-conflict-with-guava\listenablefuture-9999.0-empty-to-avoid-conflict-with-guava.jar;C:\Users\Rishi\.m2\repository\com\google\code\findbugs\jsr305\3.0.2\jsr305-3.0.2.jar;C:\Users\Rishi\.m2\repository\org\checkerframework\checker-qual\3.33.0\checker-qual-3.33.0.jar;C:\Users\Rishi\.m2\repository\com\google\errorprone\error_prone_annotations\2.18.0\error_prone_annotations-2.18.0.jar;C:\Users\Rishi\.m2\repository\com\google\j2objc\j2objc-annotations\2.8\j2objc-annotations-2.8.jar;C:\Users\Rishi\.m2\repository\io\opentelemetry\opentelemetry-api\1.28.0\opentelemetry-api-1.28.0.jar;C:\Users\Rishi\.m2\repository\io\opentelemetry\opentelemetry-context\1.28.0\opentelemetry-context-1.28.0.jar;C:\Users\Rishi\.m2\repository\io\opentelemetry\opentelemetry-exporter-logging\1.28.0\opentelemetry-exporter-logging-1.28.0.jar;C:\Users\Rishi\.m2\repository\io\opentelemetry\opentelemetry-sdk-metrics\1.28.0\opentelemetry-sdk-metrics-1.28.0.jar;C:\Users\Rishi\.m2\repository\io\opentelemetry\opentelemetry-extension-incubator\1.28.0-alpha\opentelemetry-extension-incubator-1.28.0-alpha.jar;C:\Users\Rishi\.m2\repository\io\opentelemetry\opentelemetry-sdk-logs\1.28.0\opentelemetry-sdk-logs-1.28.0.jar;C:\Users\Rishi\.m2\repository\io\opentelemetry\opentelemetry-sdk-common\1.28.0\opentelemetry-sdk-common-1.28.0.jar;C:\Users\Rishi\.m2\repository\io\opentelemetry\opentelemetry-sdk-extension-autoconfigure-spi\1.28.0\opentelemetry-sdk-extension-autoconfigure-spi-1.28.0.jar;C:\Users\Rishi\.m2\repository\io\opentelemetry\opentelemetry-sdk-extension-autoconfigure\1.28.0\opentelemetry-sdk-extension-autoconfigure-1.28.0.jar;C:\Users\Rishi\.m2\repository\io\opentelemetry\opentelemetry-api-events\1.28.0-alpha\opentelemetry-api-events-1.28.0-alpha.jar;C:\Users\Rishi\.m2\repository\io\opentelemetry\opentelemetry-sdk-trace\1.28.0\opentelemetry-sdk-trace-1.28.0.jar;C:\Users\Rishi\.m2\repository\io\opentelemetry\opentelemetry-sdk\1.28.0\opentelemetry-sdk-1.28.0.jar;C:\Users\Rishi\.m2\repository\io\opentelemetry\opentelemetry-semconv\1.28.0-alpha\opentelemetry-semconv-1.28.0-alpha.jar;C:\Users\Rishi\.m2\repository\net\bytebuddy\byte-buddy\1.14.5\byte-buddy-1.14.5.jar;C:\Users\Rishi\.m2\repository\org\seleniumhq\selenium\selenium-os\4.16.1\selenium-os-4.16.1.jar;C:\Users\Rishi\.m2\repository\org\apache\commons\commons-exec\1.3\commons-exec-1.3.jar;C:\Users\Rishi\.m2\repository\org\seleniumhq\selenium\selenium-safari-driver\4.16.1\selenium-safari-driver-4.16.1.jar;C:\Users\Rishi\.m2\repository\org\seleniumhq\selenium\selenium-support\4.16.1\selenium-support-4.16.1.jar;C:\Users\Rishi\git\repository28\demoapps\target\classes;C:\Users\Rishi\.p2\pool\plugins\org.testng_7.4.0.r202105021533.jar;C:\Users\Rishi\.p2\pool\plugins\com.beust.jcommander_1.78.0.jar;C:\Users\Rishi\.p2\pool\plugins\org.apache-extras.beanshell.bsh_2.0.0.b6.jar;C:\Users\Rishi\.p2\pool\plugins\org.yaml.snakeyaml_1.21.0.jar;C:\Users\Rishi\.p2\pool\plugins\org.webjars.jquery_3.5.1.jar;C:\Users\Rishi\.m2\repository\org\apache\poi\poi\5.2.5\poi-5.2.5.jar;C:\Users\Rishi\.m2\repository\commons-codec\commons-codec\1.16.0\commons-codec-1.16.0.jar;C:\Users\Rishi\.m2\repository\org\apache\commons\commons-collections4\4.4\commons-collections4-4.4.jar;C:\Users\Rishi\.m2\repository\org\apache\commons\commons-math3\3.6.1\commons-math3-3.6.1.jar;C:\Users\Rishi\.m2\repository\com\zaxxer\SparseBitSet\1.3\SparseBitSet-1.3.jar;C:\Users\Rishi\.m2\repository\org\apache\logging\log4j\log4j-api\2.21.1\log4j-api-2.21.1.jar;C:\Users\Rishi\.m2\repository\org\apache\poi\poi-ooxml\5.2.5\poi-ooxml-5.2.5.jar;C:\Users\Rishi\.m2\repository\org\apache\poi\poi-ooxml-lite\5.2.5\poi-ooxml-lite-5.2.5.jar;C:\Users\Rishi\.m2\repository\org\apache\xmlbeans\xmlbeans\5.2.0\xmlbeans-5.2.0.jar;C:\Users\Rishi\.m2\repository\org\apache\commons\commons-compress\1.25.0\commons-compress-1.25.0.jar;C:\Users\Rishi\.m2\repository\com\github\virtuald\curvesapi\1.08\curvesapi-1.08.jar
Launcher Type: SUN_STANDARD

[Global flags]
     intx CICompilerCount                          = 3                                         {product} {ergonomic}
     uint ConcGCThreads                            = 1                                         {product} {ergonomic}
     uint G1ConcRefinementThreads                  = 4                                         {product} {ergonomic}
   size_t G1HeapRegionSize                         = 1048576                                   {product} {ergonomic}
    uintx GCDrainStackTargetSize                   = 64                                        {product} {ergonomic}
   size_t InitialHeapSize                          = 67108864                                  {product} {ergonomic}
   size_t MarkStackSize                            = 4194304                                   {product} {ergonomic}
   size_t MaxHeapSize                              = 1050673152                                {product} {ergonomic}
   size_t MinHeapDeltaBytes                        = 1048576                                   {product} {ergonomic}
   size_t MinHeapSize                              = 8388608                                   {product} {ergonomic}
    uintx NonNMethodCodeHeapSize                   = 5832780                                {pd product} {ergonomic}
    uintx NonProfiledCodeHeapSize                  = 122912730                              {pd product} {ergonomic}
     bool PerfDisableSharedMem                     = true                                      {product} {ergonomic}
    uintx ProfiledCodeHeapSize                     = 122912730                              {pd product} {ergonomic}
    uintx ReservedCodeCacheSize                    = 251658240                              {pd product} {ergonomic}
     bool SegmentedCodeCache                       = true                                      {product} {ergonomic}
     bool ShowCodeDetailsInExceptionMessages       = true                                   {manageable} {command line}
   size_t SoftMaxHeapSize                          = 1050673152                             {manageable} {ergonomic}
     bool UseCompressedClassPointers               = true                           {product lp64_product} {ergonomic}
     bool UseCompressedOops                        = true                           {product lp64_product} {ergonomic}
     bool UseG1GC                                  = true                                      {product} {ergonomic}
     bool UseLargePagesIndividualAllocation        = false                                  {pd product} {ergonomic}

Logging:
Log output configuration:
 #0: stdout all=warning uptime,level,tags foldmultilines=false
 #1: stderr all=off uptime,level,tags foldmultilines=false

Environment Variables:
PATH=C:/Users/Rishi/.p2/pool/plugins/org.eclipse.justj.openjdk.hotspot.jre.full.win32.x86_64_18.0.2.v20221005-1040/jre/bin/server;C:/Users/Rishi/.p2/pool/plugins/org.eclipse.justj.openjdk.hotspot.jre.full.win32.x86_64_18.0.2.v20221005-1040/jre/bin;C:\Program Files\Common Files\Oracle\Java\javapath;C:\Windows\system32;C:\Windows;C:\Windows\System32\Wbem;C:\Windows\System32\WindowsPowerShell\v1.0\;C:\Windows\System32\OpenSSH\;C:\Program Files\Java\jdk-11\bin;C:\Program Files\apache-maven-3.9.6\bin;C:\Program Files\Git\cmd;C:\Users\Rishi\AppData\Local\Microsoft\WindowsApps;C:\Users\Rishi\Desktop;
USERNAME=Rishi
OS=Windows_NT
PROCESSOR_IDENTIFIER=Intel64 Family 6 Model 78 Stepping 3, GenuineIntel



---------------  S Y S T E M  ---------------

OS:
 Windows 10 , 64 bit Build 19041 (10.0.19041.3636)
OS uptime: 1 days 7:27 hours

CPU: total 4 (initial active 4) (2 cores per cpu, 2 threads per core) family 6 model 78 stepping 3 microcode 0xcc, cx8, cmov, fxsr, ht, mmx, 3dnowpref, sse, sse2, sse3, ssse3, sse4.1, sse4.2, popcnt, lzcnt, tsc, tscinvbit, avx, avx2, aes, erms, clmul, bmi1, bmi2, adx, fma, vzeroupper, clflush, clflushopt

Memory: 4k page, system-wide physical 4002M (84M free)
TotalPageFile size 16290M (AvailPageFile size 63M)
current process WorkingSet (physical memory assigned to process): 9M, peak: 9M
current process commit charge ("private bytes"): 51M, peak: 115M

vm_info: OpenJDK 64-Bit Server VM (18.0.2.1+1) for windows-amd64 JRE (18.0.2.1+1), built on Aug 25 2022 17:20:57 by "" with MS VC++ 16.7 (VS2019)

END.
